2025/01/10 21:35:57 db.go:33: Erro ao conectar ao banco de dados: Error 1045 (28000): Access denied for user 'root'@'localhost' (using password: YES)
2025/01/10 21:42:43 db.go:17: Erro ao carregar o arquivo .env: open .env: O sistema não pode encontrar o arquivo especificado.
2025/01/10 21:45:11 db.go:17: Erro ao carregar o arquivo .env: open .env: O sistema não pode encontrar o arquivo especificado.
2025/01/10 21:46:17 db.go:17: Erro ao carregar o arquivo .env: open .env: O sistema não pode encontrar o arquivo especificado.
2025/01/10 21:46:34 db.go:17: Erro ao carregar o arquivo .env: open .env: O sistema não pode encontrar o arquivo especificado.
2025/01/10 21:49:31 db.go:17: Erro ao carregar o arquivo .env: open .env: O sistema não pode encontrar o arquivo especificado.
2025/01/10 21:49:45 db.go:33: Erro ao conectar ao banco de dados: Error 1045 (28000): Access denied for user 'root'@'localhost' (using password: YES)
2025/01/11 14:19:54 phraseController.go:25: Erro ao decodar token erro ao analisar o token: token is malformed: could not base64 decode header: illegal base64 data at input byte 0
2025/01/11 14:20:29 phraseController.go:25: Erro ao decodar token erro ao analisar o token: token is malformed: could not base64 decode header: illegal base64 data at input byte 0
2025/01/11 14:21:27 phraseController.go:25: Erro ao decodar token erro ao analisar o token: token is malformed: could not base64 decode header: illegal base64 data at input byte 0
2025/01/11 14:21:39 phraseController.go:25: Erro ao decodar token erro ao analisar o token: token is malformed: could not base64 decode header: illegal base64 data at input byte 0
2025/01/12 23:44:52 db.go:33: Erro ao conectar ao banco de dados: Error 1040: Too many connections
2025/01/12 23:44:52 db.go:33: Erro ao conectar ao banco de dados: Error 1040: Too many connections
2025/01/12 23:44:56 db.go:33: Erro ao conectar ao banco de dados: Error 1040: Too many connections
2025/01/12 23:44:56 db.go:33: Erro ao conectar ao banco de dados: Error 1040: Too many connections
2025/01/12 23:45:21 db.go:33: Erro ao conectar ao banco de dados: Error 1040: Too many connections
2025/01/12 23:45:21 db.go:33: Erro ao conectar ao banco de dados: Error 1040: Too many connections
2025/01/12 23:45:39 db.go:33: Erro ao conectar ao banco de dados: Error 1040: Too many connections
2025/01/12 23:45:39 db.go:33: Erro ao conectar ao banco de dados: Error 1040: Too many connections
2025/01/14 14:19:10 db_config.go:33: Erro ao conectar ao banco de dados: Error 1040: Too many connections
2025/01/14 14:19:11 db_config.go:33: Erro ao conectar ao banco de dados: Error 1040: Too many connections
2025/01/14 14:19:24 db_config.go:33: Erro ao conectar ao banco de dados: Error 1040: Too many connections
2025/01/14 14:19:29 db_config.go:33: Erro ao conectar ao banco de dados: Error 1040: Too many connections
2025/01/14 14:19:29 db_config.go:33: Erro ao conectar ao banco de dados: Error 1040: Too many connections
2025/01/14 14:19:33 db_config.go:33: Erro ao conectar ao banco de dados: Error 1040: Too many connections
2025/01/14 14:19:33 db_config.go:33: Erro ao conectar ao banco de dados: Error 1040: Too many connections
2025/01/14 14:19:43 db_config.go:33: Erro ao conectar ao banco de dados: Error 1040: Too many connections
2025/01/14 14:19:43 db_config.go:33: Erro ao conectar ao banco de dados: Error 1040: Too many connections
2025/01/14 14:20:07 db_config.go:33: Erro ao conectar ao banco de dados: Error 1040: Too many connections
2025/01/14 14:53:35 db_config.go:33: Erro ao conectar ao banco de dados: Error 1040: Too many connections
2025/01/14 14:53:39 db_config.go:33: Erro ao conectar ao banco de dados: Error 1040: Too many connections
2025/01/14 14:53:39 db_config.go:33: Erro ao conectar ao banco de dados: Error 1040: Too many connections
2025/01/14 21:35:38 db_config.go:33: Erro ao conectar ao banco de dados: Error 1040: Too many connections
2025/01/14 21:35:43 db_config.go:33: Erro ao conectar ao banco de dados: Error 1040: Too many connections
